<Project version="1.0">
    <Application name="Test" version="1.0"/>
    <Transport>
        <Tempo id="id0" value="120" unit="bpm"/>
    </Transport>
    <Structure>
        <Track name="Master" id="id4" contentType="" loaded="true">
            <Channel id="id3" role="master" audioChannels="2">
                <Devices>
                    <Vst3Plugin id="id5" deviceRole="audioFX" deviceName="Limiter" loaded="true">
                        <State path="plugin-states/12323545.vstpreset" external="false"/>
                    </Vst3Plugin>
                </Devices>
                <Pan id="id2" value="0.5" unit="normalized"/>
                <Volume id="id1" value="1" unit="linear"/>
            </Channel>
        </Track>
        <Track name="Track 1" color="#000000" id="id12" contentType="notes" loaded="true">
            <Channel id="id11" role="regular" audioChannels="2" destination="id3">
                <Pan id="id10" value="0.5" unit="normalized"/>
                <Volume id="id9" value="1" unit="linear"/>
            </Channel>
        </Track>
        <Track name="Track 2" color="#111111" id="id20" contentType="notes" loaded="true">
            <Channel id="id19" role="regular" audioChannels="2" destination="id3">
                <Pan id="id18" value="0.5" unit="normalized"/>
                <Volume id="id17" value="1" unit="linear"/>
            </Channel>
        </Track>
        <Track name="Track 3" color="#222222" id="id27" contentType="notes" loaded="true">
            <Channel id="id26" role="regular" audioChannels="2" destination="id3">
                <Pan id="id25" value="0.5" unit="normalized"/>
                <Volume id="id24" value="1" unit="linear"/>
            </Channel>
        </Track>
    </Structure>
    <Arrangement id="id6">
        <Lanes id="id7" timeUnit="beats">
            <Lanes id="id13" track="id12">
                <Clips id="id14">
                    <Clip name="Clip 0" time="0" duration="4">
                        <Notes id="id15">
                            <Note time="0" duration="0.5" key="36" channel="0" vel="0.8" rel="0.5"/>
                            <Note time="0.5" duration="0.5" key="36" channel="0" vel="0.8" rel="0.5"/>
                            <Note time="1" duration="0.5" key="36" channel="0" vel="0.8" rel="0.5"/>
                            <Note time="1.5" duration="0.5" key="36" channel="0" vel="0.8" rel="0.5"/>
                            <Note time="2" duration="0.5" key="36" channel="0" vel="0.8" rel="0.5"/>
                            <Note time="2.5" duration="0.5" key="36" channel="0" vel="0.8" rel="0.5"/>
                            <Note time="3" duration="0.5" key="36" channel="0" vel="0.8" rel="0.5"/>
                            <Note time="3.5" duration="0.5" key="36" channel="0" vel="0.8" rel="0.5"/>
                        </Notes>
                    </Clip>
                    <Clip name="Alias Clip 0" time="32" duration="4" reference="id15"/>
                </Clips>
                <Points id="id16">
                    <Target parameter="id9"/>
                    <RealPoint time="0" value="0" interpolation="linear"/>
                    <RealPoint time="8" value="1" interpolation="linear"/>
                </Points>
            </Lanes>
            <Lanes id="id21" track="id20">
                <Clips id="id22">
                    <Clip name="Clip 1" time="8" duration="4">
                        <Notes id="id23">
                            <Note time="0" duration="0.5" key="36" channel="0" vel="0.8" rel="0.5"/>
                            <Note time="0.5" duration="0.5" key="48" channel="0" vel="0.8" rel="0.5"/>
                            <Note time="1" duration="0.5" key="36" channel="0" vel="0.8" rel="0.5"/>
                            <Note time="1.5" duration="0.5" key="48" channel="0" vel="0.8" rel="0.5"/>
                            <Note time="2" duration="0.5" key="36" channel="0" vel="0.8" rel="0.5"/>
                            <Note time="2.5" duration="0.5" key="48" channel="0" vel="0.8" rel="0.5"/>
                            <Note time="3" duration="0.5" key="36" channel="0" vel="0.8" rel="0.5"/>
                            <Note time="3.5" duration="0.5" key="48" channel="0" vel="0.8" rel="0.5"/>
                        </Notes>
                    </Clip>
                    <Clip name="Alias Clip 1" time="40" duration="4" reference="id23"/>
                </Clips>
            </Lanes>
            <Lanes id="id28" track="id27">
                <Clips id="id29">
                    <Clip name="Clip 2" time="16" duration="4">
                        <Notes id="id30">
                            <Note time="0" duration="0.5" key="36" channel="0" vel="0.8" rel="0.5"/>
                            <Note time="0.5" duration="0.5" key="48" channel="0" vel="0.8" rel="0.5"/>
                            <Note time="1" duration="0.5" key="60" channel="0" vel="0.8" rel="0.5"/>
                            <Note time="1.5" duration="0.5" key="36" channel="0" vel="0.8" rel="0.5"/>
                            <Note time="2" duration="0.5" key="48" channel="0" vel="0.8" rel="0.5"/>
                            <Note time="2.5" duration="0.5" key="60" channel="0" vel="0.8" rel="0.5"/>
                            <Note time="3" duration="0.5" key="36" channel="0" vel="0.8" rel="0.5"/>
                            <Note time="3.5" duration="0.5" key="48" channel="0" vel="0.8" rel="0.5"/>
                        </Notes>
                    </Clip>
                    <Clip name="Alias Clip 2" time="48" duration="4" reference="id30"/>
                </Clips>
            </Lanes>
        </Lanes>
        <Markers id="id8">
            <Marker name="Verse" time="0"/>
            <Marker name="Chorus" time="24"/>
        </Markers>
    </Arrangement>
</Project>
